<html>
<body>
<pre>
<h1>Vision3 Build Log</h1>
<h2>Project:</h2>
D:\BaiduYunDownload\单片机板子\单片机编程项目\来用crol函数来控制流水灯\test.uv2
Project File Date:  09/20/2016

<h2>Output:</h2>
Build target 'Target 1'
assembling STARTUP.A51...
compiling test.c...
linking...
*** WARNING L1: UNRESOLVED EXTERNAL SYMBOL
    SYMBOL:  MAIN
    MODULE:  C:\KEIL\C51\LIB\C51S.LIB (?C_INIT)
*** WARNING L2: REFERENCE MADE TO UNRESOLVED EXTERNAL
    SYMBOL:  MAIN
    MODULE:  C:\KEIL\C51\LIB\C51S.LIB (?C_INIT)
    ADDRESS: 0010H
Program Size: data=9.0 xdata=0 code=144
"test" - 0 Error(s), 2 Warning(s).
Build target 'Target 1'
assembling STARTUP.A51...
compiling test.c...
linking...
Program Size: data=11.0 xdata=0 code=72
"test" - 0 Error(s), 0 Warning(s).
Build target 'Target 1'
assembling STARTUP.A51...
compiling test.c...
linking...
Program Size: data=11.0 xdata=0 code=72
"test" - 0 Error(s), 0 Warning(s).
Build target 'Target 1'
assembling STARTUP.A51...
compiling test.c...
linking...
Program Size: data=11.0 xdata=0 code=72
creating hex file from "test"...
"test" - 0 Error(s), 0 Warning(s).
Build target 'Target 1'
assembling STARTUP.A51...
compiling test.c...
linking...
Program Size: data=11.0 xdata=0 code=72
creating hex file from "test"...
"test" - 0 Error(s), 0 Warning(s).
Build target 'Target 1'
assembling STARTUP.A51...
compiling test.c...
linking...
Program Size: data=11.0 xdata=0 code=68
creating hex file from "test"...
"test" - 0 Error(s), 0 Warning(s).
Build target 'Target 1'
assembling STARTUP.A51...
compiling test.c...
linking...
Program Size: data=11.0 xdata=0 code=67
creating hex file from "test"...
"test" - 0 Error(s), 0 Warning(s).
Build target 'Target 1'
assembling STARTUP.A51...
compiling test.c...
linking...
Program Size: data=11.0 xdata=0 code=72
creating hex file from "test"...
"test" - 0 Error(s), 0 Warning(s).
Build target 'Target 1'
assembling STARTUP.A51...
compiling test.c...
TEST.C(22): warning C206: '_crol_': missing function-prototype
TEST.C(22): error C267: '_crol_': requires ANSI-style prototype
Target not created
Build target 'Target 1'
assembling STARTUP.A51...
compiling test.c...
TEST.C(22): warning C206: '_crol_': missing function-prototype
TEST.C(22): error C267: '_crol_': requires ANSI-style prototype
Target not created
</pre>
</body>
</html>
